<?xml version="1.0" encoding="UTF-8"?>
<!-- Generated by org.testng.reporters.JUnitReportReporter -->
<testsuite hostname="froiden-IdeaPad-3-15ITL6" failures="0" tests="4" name="com.qa.opencart.tests.LoginPageTest" time="0.730" errors="0" timestamp="28 Jun 2023 08:03:10 GMT" skipped="0">
  <testcase classname="com.qa.opencart.tests.LoginPageTest" name="loginTest" time="0.665"/>
  <testcase classname="com.qa.opencart.tests.LoginPageTest" name="loginPageTitleTest" time="0.007"/>
  <testcase classname="com.qa.opencart.tests.LoginPageTest" name="forgotPwdLinkExistTest" time="0.050"/>
  <testcase classname="com.qa.opencart.tests.LoginPageTest" name="loginPageURLTest" time="0.008"/>
</testsuite> <!-- com.qa.opencart.tests.LoginPageTest -->
