<?xml version="1.0" encoding="UTF-8"?>
<!-- Generated by org.testng.reporters.JUnitReportReporter -->
<testsuite hostname="froiden-IdeaPad-3-15ITL6" failures="0" tests="3" name="testngSession.RegisterPageNegativeTest" time="12.569" errors="0" timestamp="15 Apr 2023 11:26:51 GMT" skipped="0">
  <testcase classname="testngSession.RegisterPageNegativeTest" name="registerTest" time="4.375"/>
  <testcase classname="testngSession.RegisterPageNegativeTest" name="registerTest" time="4.066"/>
  <testcase classname="testngSession.RegisterPageNegativeTest" name="registerTest" time="4.128"/>
</testsuite> <!-- testngSession.RegisterPageNegativeTest -->
