<?xml version="1.0" encoding="UTF-8"?>
<!-- Generated by org.testng.reporters.JUnitReportReporter -->
<testsuite hostname="froiden-IdeaPad-3-15ITL6" failures="0" tests="2" name="testngSession.LoginTest" time="9.388" errors="0" timestamp="18 Apr 2023 11:17:23 GMT" skipped="0">
  <testcase classname="testngSession.LoginTest" name="getTitle" time="4.728"/>
  <testcase classname="testngSession.LoginTest" name="isDisplayed" time="4.660"/>
</testsuite> <!-- testngSession.LoginTest -->
