<?xml version="1.0" encoding="UTF-8"?>
<!-- Generated by org.testng.reporters.JUnitReportReporter -->
<testsuite hostname="froiden-IdeaPad-3-15ITL6" failures="0" tests="5" name="testngSession.PriorityTest" time="0.012" errors="0" timestamp="06 Apr 2023 04:07:58 GMT" skipped="0">
  <testcase classname="testngSession.PriorityTest" name="c_test" time="0.001"/>
  <testcase classname="testngSession.PriorityTest" name="b_test" time="0.001"/>
  <testcase classname="testngSession.PriorityTest" name="a_test" time="0.007"/>
  <testcase classname="testngSession.PriorityTest" name="d_test" time="0.001"/>
  <testcase classname="testngSession.PriorityTest" name="e_test" time="0.002"/>
</testsuite> <!-- testngSession.PriorityTest -->
