<?xml version="1.0" encoding="UTF-8"?>
<!-- Generated by org.testng.reporters.JUnitReportReporter -->
<testsuite hostname="froiden-IdeaPad-3-15ITL6" failures="0" tests="3" name="testngSession.AmazonTestWithBM" time="10.781" errors="0" timestamp="02 Apr 2023 10:55:23 GMT" skipped="0">
  <testcase classname="testngSession.AmazonTestWithBM" name="titleTest" time="4.612"/>
  <testcase classname="testngSession.AmazonTestWithBM" name="searchExistTest" time="3.131"/>
  <testcase classname="testngSession.AmazonTestWithBM" name="isHelpExistTest" time="3.038"/>
</testsuite> <!-- testngSession.AmazonTestWithBM -->
