<?xml version="1.0" encoding="UTF-8"?>
<!-- Generated by org.testng.reporters.JUnitReportReporter -->
<testsuite hostname="froiden-IdeaPad-3-15ITL6" failures="0" tests="2" name="testngSession.CartTest" time="7.205" errors="0" timestamp="18 Apr 2023 11:17:23 GMT" skipped="0">
  <testcase classname="testngSession.CartTest" name="getTitle" time="4.142"/>
  <testcase classname="testngSession.CartTest" name="isDisplayed" time="3.063"/>
</testsuite> <!-- testngSession.CartTest -->
