<?xml version="1.0" encoding="UTF-8"?>
<!-- Generated by org.testng.reporters.JUnitReportReporter -->
<testsuite hostname="froiden-IdeaPad-3-15ITL6" failures="0" tests="2" name="testngSession.GoogleTest" time="4.770" errors="0" timestamp="17 Apr 2023 09:34:24 GMT" skipped="0">
  <testcase classname="testngSession.GoogleTest" name="titleTest" time="2.131"/>
  <testcase classname="testngSession.GoogleTest" name="searchExistTest" time="2.639"/>
</testsuite> <!-- testngSession.GoogleTest -->
