<?xml version="1.0" encoding="UTF-8"?>
<!-- Generated by org.testng.reporters.JUnitReportReporter -->
<testsuite hostname="froiden-IdeaPad-3-15ITL6" failures="0" tests="2" name="testngSession.OpenCartTest" time="0.042" errors="0" timestamp="17 Apr 2023 09:50:32 GMT" skipped="0">
  <testcase classname="testngSession.OpenCartTest" name="titleTest" time="0.009"/>
  <testcase classname="testngSession.OpenCartTest" name="searchExistTest" time="0.033"/>
</testsuite> <!-- testngSession.OpenCartTest -->
