<?xml version="1.0" encoding="UTF-8"?>
<!-- Generated by org.testng.reporters.JUnitReportReporter -->
<testsuite hostname="froiden-IdeaPad-3-15ITL6" failures="0" tests="2" name="testngSession.RegisterTest" time="6.436" errors="0" timestamp="18 Apr 2023 11:17:23 GMT" skipped="0">
  <testcase classname="testngSession.RegisterTest" name="getTitle" time="2.927"/>
  <testcase classname="testngSession.RegisterTest" name="isDisplayed" time="3.509"/>
</testsuite> <!-- testngSession.RegisterTest -->
