<?xml version="1.0" encoding="UTF-8"?>
<!-- Generated by org.testng.reporters.JUnitReportReporter -->
<testsuite hostname="froiden-IdeaPad-3-15ITL6" failures="0" tests="3" name="testngSession.AmazonTest" time="0.133" errors="0" timestamp="17 Apr 2023 09:54:51 GMT" skipped="0">
  <testcase classname="testngSession.AmazonTest" name="searchExistTest" time="0.031"/>
  <testcase classname="testngSession.AmazonTest" name="titleTest" time="0.008"/>
  <testcase classname="testngSession.AmazonTest" name="isHelpExistTest" time="0.094"/>
</testsuite> <!-- testngSession.AmazonTest -->
